<?xml version="1.0" encoding="UTF-8"?>
<!-- Generated by org.testng.reporters.JUnitXMLReporter -->
<testsuite ignored="0" hostname="DESKTOP-6RNNSA7" failures="0" tests="4" name="Default test" time="5.517" errors="0" timestamp="2024-10-09T23:39:09 IST">
  <testcase classname="S_010_Data_providers.D002_data_parallel_testing" name="logo" time="0.43"/>
  <testcase classname="S_010_Data_providers.D002_data_parallel_testing" name="title" time="0.013"/>
  <testcase classname="S_010_Data_providers.D002_data_parallel_testing" name="url" time="0.011"/>
  <testcase classname="S_010_Data_providers.D002_data_parallel_testing" name="teardown" time="0.164"/>
</testsuite> <!-- Default test -->
