<?xml version="1.0" encoding="UTF-8"?>
<!-- Generated by org.testng.reporters.JUnitXMLReporter -->
<testsuite ignored="0" hostname="DESKTOP-6RNNSA7" failures="1" tests="4" name="Test" time="11.354" errors="0" timestamp="2024-10-10T17:12:48 IST">
  <testcase classname="S_011_TestNG_Listeners.D001_TestNG_Listeners" name="logo" time="0.418"/>
  <testcase classname="S_011_TestNG_Listeners.D001_TestNG_Listeners" name="title" time="0.021">
    <failure type="java.lang.AssertionError" message="expected [OrangeHR M] but found [OrangeHRM]">
      <![CDATA[java.lang.AssertionError: expected [OrangeHR M] but found [OrangeHRM]
at S_011_TestNG_Listeners.D001_TestNG_Listeners.title(D001_TestNG_Listeners.java:42)
at java.base/java.util.ArrayList.forEach(ArrayList.java:1511)
... Removed 33 stack frames]]>
    </failure>
  </testcase> <!-- title -->
  <testcase classname="S_011_TestNG_Listeners.D001_TestNG_Listeners" name="url" time="0.0">
    <skipped/>
  </testcase> <!-- url -->
  <testcase classname="S_011_TestNG_Listeners.D001_TestNG_Listeners" name="teardown" time="0.163"/>
</testsuite> <!-- Test -->
