<?xml version="1.0" encoding="UTF-8"?>
<!-- Generated by org.testng.reporters.JUnitXMLReporter -->
<testsuite ignored="0" hostname="DESKTOP-6RNNSA7" failures="0" tests="4" name="Test3" time="0.154" errors="0" timestamp="2024-10-10T00:50:58 IST">
  <testcase classname="S_010_Data_providers.D002_data_parallel_testing" name="logo" time="0.0">
    <skipped/>
  </testcase> <!-- logo -->
  <testcase classname="S_010_Data_providers.D002_data_parallel_testing" name="title" time="0.002">
    <skipped/>
  </testcase> <!-- title -->
  <testcase classname="S_010_Data_providers.D002_data_parallel_testing" name="url" time="0.0">
    <skipped/>
  </testcase> <!-- url -->
  <testcase classname="S_010_Data_providers.D002_data_parallel_testing" name="teardown" time="0.0">
    <skipped/>
  </testcase> <!-- teardown -->
</testsuite> <!-- Test3 -->
