<?xml version="1.0" encoding="UTF-8"?>
<testng-results ignored="0" total="1" passed="1" failed="0" skipped="0">
  <reporter-output>
  </reporter-output>
  <suite started-at="2024-10-11T13:54:55 IST" name="Default suite" finished-at="2024-10-11T13:55:06 IST" duration-ms="10793">
    <groups>
    </groups>
    <test started-at="2024-10-11T13:54:55 IST" name="Default test" finished-at="2024-10-11T13:55:06 IST" duration-ms="10793">
      <class name="S_012_TestNG_POM.P002_Orange_HRM_Test">
        <test-method is-config="true" signature="setUp()[pri:0, instance:S_012_TestNG_POM.P002_Orange_HRM_Test@48075da3]" started-at="2024-10-11T13:54:55 IST" name="setUp" finished-at="2024-10-11T13:55:02 IST" duration-ms="6569" status="PASS">
          <reporter-output>
          </reporter-output>
        </test-method> <!-- setUp -->
        <test-method signature="test()[pri:0, instance:S_012_TestNG_POM.P002_Orange_HRM_Test@48075da3]" started-at="2024-10-11T13:55:02 IST" name="test" finished-at="2024-10-11T13:55:06 IST" duration-ms="3965" status="PASS">
          <reporter-output>
          </reporter-output>
        </test-method> <!-- test -->
        <test-method is-config="true" signature="teardown()[pri:0, instance:S_012_TestNG_POM.P002_Orange_HRM_Test@48075da3]" started-at="2024-10-11T13:55:06 IST" name="teardown" finished-at="2024-10-11T13:55:06 IST" duration-ms="203" status="PASS">
          <reporter-output>
          </reporter-output>
        </test-method> <!-- teardown -->
      </class> <!-- S_012_TestNG_POM.P002_Orange_HRM_Test -->
    </test> <!-- Default test -->
  </suite> <!-- Default suite -->
</testng-results>
